  main.cpp
c:\program files (x86)\microsoft visual studio\2017\community\vc\tools\msvc\14.16.27023\include\thr\xthread(238): error C2672: 'std::invoke': no matching overloaded function found
  c:\program files (x86)\microsoft visual studio\2017\community\vc\tools\msvc\14.16.27023\include\thr\xthread(246): note: see reference to function template instantiation 'void std::_LaunchPad<_Target>::_Execute<0,1>(std::tuple<void (*)(int &),int> &,std::integer_sequence<unsigned int,0,1>)' being compiled
          with
          [
              _Target=std::unique_ptr<std::tuple<void (*)(int &),int>,std::default_delete<std::tuple<void (*)(int &),int>>>
          ]
  c:\program files (x86)\microsoft visual studio\2017\community\vc\tools\msvc\14.16.27023\include\thr\xthread(245): note: see reference to function template instantiation 'void std::_LaunchPad<_Target>::_Execute<0,1>(std::tuple<void (*)(int &),int> &,std::integer_sequence<unsigned int,0,1>)' being compiled
          with
          [
              _Target=std::unique_ptr<std::tuple<void (*)(int &),int>,std::default_delete<std::tuple<void (*)(int &),int>>>
          ]
  c:\program files (x86)\microsoft visual studio\2017\community\vc\tools\msvc\14.16.27023\include\thr\xthread(242): note: while compiling class template member function 'void std::_LaunchPad<_Target>::_Run(std::_LaunchPad<_Target> *) noexcept'
          with
          [
              _Target=std::unique_ptr<std::tuple<void (*)(int &),int>,std::default_delete<std::tuple<void (*)(int &),int>>>
          ]
  c:\program files (x86)\microsoft visual studio\2017\community\vc\tools\msvc\14.16.27023\include\thr\xthread(230): note: see reference to function template instantiation 'void std::_LaunchPad<_Target>::_Run(std::_LaunchPad<_Target> *) noexcept' being compiled
          with
          [
              _Target=std::unique_ptr<std::tuple<void (*)(int &),int>,std::default_delete<std::tuple<void (*)(int &),int>>>
          ]
  c:\program files (x86)\microsoft visual studio\2017\community\vc\tools\msvc\14.16.27023\include\thr\xthread(257): note: see reference to class template instantiation 'std::_LaunchPad<_Target>' being compiled
          with
          [
              _Target=std::unique_ptr<std::tuple<void (*)(int &),int>,std::default_delete<std::tuple<void (*)(int &),int>>>
          ]
  c:\program files (x86)\microsoft visual studio\2017\community\vc\tools\msvc\14.16.27023\include\thread(46): note: see reference to function template instantiation 'void std::_Launch<std::unique_ptr<std::tuple<void (*)(int &),int>,std::default_delete<_Ty>>>(_Thrd_t *,_Target &&)' being compiled
          with
          [
              _Ty=std::tuple<void (*)(int &),int>,
              _Target=std::unique_ptr<std::tuple<void (*)(int &),int>,std::default_delete<std::tuple<void (*)(int &),int>>>
          ]
  c:\users\jesuy\onedrive\documents\my programming workspace\visual studio 2017\my projects\systems programming (cpp)\lab8\main.cpp(11): note: see reference to function template instantiation 'std::thread::thread<void(&)(int &),int&,void>(_Fn,int &)' being compiled
          with
          [
              _Fn=void (&)(int &)
          ]
c:\program files (x86)\microsoft visual studio\2017\community\vc\tools\msvc\14.16.27023\include\thr\xthread(237): error C2893: Failed to specialize function template 'unknown-type std::invoke(_Callable &&,_Types &&...) noexcept(<expr>)'
  c:\program files (x86)\microsoft visual studio\2017\community\vc\tools\msvc\14.16.27023\include\thr\xthread(237): note: With the following template arguments:
  c:\program files (x86)\microsoft visual studio\2017\community\vc\tools\msvc\14.16.27023\include\thr\xthread(237): note: '_Callable=void (*)(int &)'
  c:\program files (x86)\microsoft visual studio\2017\community\vc\tools\msvc\14.16.27023\include\thr\xthread(237): note: '_Types={int}'
